<?xml version="1.0" encoding="UTF-8"?>
<!-- Generated by org.testng.reporters.JUnitReportReporter -->
<testsuite hostname="DESKTOP-O48Q886" failures="0" tests="2" name="com.lbrce.sagar.UserValidationTest" time="0.020" errors="0" timestamp="2023-11-07T11:52:07 IST" skipped="0">
  <testcase classname="com.lbrce.sagar.UserValidationTest" name="testCase1" time="0.018"/>
  <testcase classname="com.lbrce.sagar.UserValidationTest" name="testCase2" time="0.002"/>
</testsuite> <!-- com.lbrce.sagar.UserValidationTest -->
